[debug] [2026-05-28T05:57:52.519Z] ----------------------------------------------------------------------
[debug] [2026-05-28T05:57:52.522Z] Command:       C:\Users\celso\AppData\Local\nvm\nodejs\node.exe C:\Users\celso\AppData\Local\nvm\nodejs\node_modules\firebase-tools\lib\bin\firebase.js deploy --only functions
[debug] [2026-05-28T05:57:52.522Z] CLI Version:   15.19.0
[debug] [2026-05-28T05:57:52.523Z] Platform:      win32
[debug] [2026-05-28T05:57:52.523Z] Node Version:  v20.19.4
[debug] [2026-05-28T05:57:52.523Z] Time:          Thu May 28 2026 02:57:52 GMT-0300 (Horário Padrão de Brasília)
[debug] [2026-05-28T05:57:52.523Z] ----------------------------------------------------------------------
[debug] 
[debug] [2026-05-28T05:57:54.909Z] > command requires scopes: ["email","openid","https://www.googleapis.com/auth/cloudplatformprojects.readonly","https://www.googleapis.com/auth/firebase","https://www.googleapis.com/auth/cloud-platform"]
[debug] [2026-05-28T05:57:54.909Z] > authorizing via signed-in user (celsokaiiki@gmail.com)
[debug] [2026-05-28T05:57:54.909Z] [iam] checking project whatsapp-clone-69424 for permissions ["cloudfunctions.functions.create","cloudfunctions.functions.delete","cloudfunctions.functions.get","cloudfunctions.functions.list","cloudfunctions.functions.update","cloudfunctions.operations.get","firebase.projects.get"]
[debug] [2026-05-28T05:57:54.911Z] Checked if tokens are valid: true, expires at: 1779950541941
[debug] [2026-05-28T05:57:54.911Z] Checked if tokens are valid: true, expires at: 1779950541941
[debug] [2026-05-28T05:57:54.912Z] >>> [apiv2][query] POST https://cloudresourcemanager.googleapis.com/v1/projects/whatsapp-clone-69424:testIamPermissions [none]
[debug] [2026-05-28T05:57:54.912Z] >>> [apiv2][(partial)header] POST https://cloudresourcemanager.googleapis.com/v1/projects/whatsapp-clone-69424:testIamPermissions  x-goog-user-project=whatsapp-clone-69424
[debug] [2026-05-28T05:57:54.912Z] >>> [apiv2][body] POST https://cloudresourcemanager.googleapis.com/v1/projects/whatsapp-clone-69424:testIamPermissions {"permissions":["cloudfunctions.functions.create","cloudfunctions.functions.delete","cloudfunctions.functions.get","cloudfunctions.functions.list","cloudfunctions.functions.update","cloudfunctions.operations.get","firebase.projects.get"]}
[debug] [2026-05-28T05:57:55.840Z] <<< [apiv2][status] POST https://cloudresourcemanager.googleapis.com/v1/projects/whatsapp-clone-69424:testIamPermissions 200
[debug] [2026-05-28T05:57:55.840Z] <<< [apiv2][body] POST https://cloudresourcemanager.googleapis.com/v1/projects/whatsapp-clone-69424:testIamPermissions {"permissions":["cloudfunctions.functions.create","cloudfunctions.functions.delete","cloudfunctions.functions.get","cloudfunctions.functions.list","cloudfunctions.functions.update","cloudfunctions.operations.get","firebase.projects.get"]}
[debug] [2026-05-28T05:57:55.841Z] Checked if tokens are valid: true, expires at: 1779950541941
[debug] [2026-05-28T05:57:55.841Z] Checked if tokens are valid: true, expires at: 1779950541941
[debug] [2026-05-28T05:57:55.841Z] >>> [apiv2][query] POST https://iam.googleapis.com/v1/projects/whatsapp-clone-69424/serviceAccounts/whatsapp-clone-69424@appspot.gserviceaccount.com:testIamPermissions [none]
[debug] [2026-05-28T05:57:55.841Z] >>> [apiv2][body] POST https://iam.googleapis.com/v1/projects/whatsapp-clone-69424/serviceAccounts/whatsapp-clone-69424@appspot.gserviceaccount.com:testIamPermissions {"permissions":["iam.serviceAccounts.actAs"]}
[debug] [2026-05-28T05:57:56.700Z] <<< [apiv2][status] POST https://iam.googleapis.com/v1/projects/whatsapp-clone-69424/serviceAccounts/whatsapp-clone-69424@appspot.gserviceaccount.com:testIamPermissions 200
[debug] [2026-05-28T05:57:56.700Z] <<< [apiv2][body] POST https://iam.googleapis.com/v1/projects/whatsapp-clone-69424/serviceAccounts/whatsapp-clone-69424@appspot.gserviceaccount.com:testIamPermissions {"permissions":["iam.serviceAccounts.actAs"]}
[info] 
[info] === Deploying to 'whatsapp-clone-69424'...
[info] 
[info] i  deploying functions 
[info] Running command: npm --prefix "$RESOURCE_DIR" run lint
[info] +  functions: Finished running predeploy script. 
[debug] [2026-05-28T05:57:58.094Z] Checked if tokens are valid: true, expires at: 1779950541941
[debug] [2026-05-28T05:57:58.094Z] Checked if tokens are valid: true, expires at: 1779950541941
[debug] [2026-05-28T05:57:58.094Z] >>> [apiv2][query] GET https://cloudresourcemanager.googleapis.com/v1/projects/whatsapp-clone-69424 [none]
[debug] [2026-05-28T05:57:58.308Z] <<< [apiv2][status] GET https://cloudresourcemanager.googleapis.com/v1/projects/whatsapp-clone-69424 200
[debug] [2026-05-28T05:57:58.308Z] <<< [apiv2][body] GET https://cloudresourcemanager.googleapis.com/v1/projects/whatsapp-clone-69424 {"projectNumber":"112776440085","projectId":"whatsapp-clone-69424","lifecycleState":"ACTIVE","name":"whatsapp-clone","labels":{"firebase":"enabled","firebase-core":"disabled"},"createTime":"2026-05-23T03:49:15.612Z"}
[info] i  functions: preparing codebase default for deployment 
[info] i  functions: ensuring required API cloudfunctions.googleapis.com is enabled... 
[info] i  functions: ensuring required API cloudbuild.googleapis.com is enabled... 
[info] i  artifactregistry: ensuring required API artifactregistry.googleapis.com is enabled... 
[debug] [2026-05-28T05:57:58.311Z] Checked if tokens are valid: true, expires at: 1779950541941
[debug] [2026-05-28T05:57:58.311Z] Checked if tokens are valid: true, expires at: 1779950541941
[debug] [2026-05-28T05:57:58.311Z] >>> [apiv2][query] GET https://firebase.googleapis.com/v1beta1/projects/whatsapp-clone-69424/adminSdkConfig [none]
[debug] [2026-05-28T05:57:58.848Z] <<< [apiv2][status] GET https://firebase.googleapis.com/v1beta1/projects/whatsapp-clone-69424/adminSdkConfig 200
[debug] [2026-05-28T05:57:58.848Z] <<< [apiv2][body] GET https://firebase.googleapis.com/v1beta1/projects/whatsapp-clone-69424/adminSdkConfig {"projectId":"whatsapp-clone-69424","databaseURL":"https://whatsapp-clone-69424-default-rtdb.firebaseio.com","storageBucket":"whatsapp-clone-69424.firebasestorage.app"}
[debug] [2026-05-28T05:57:58.851Z] Validating nodejs source
[debug] [2026-05-28T05:57:59.825Z] > [functions] package.json contents: {
  "name": "functions",
  "description": "Cloud Functions for Firebase",
  "scripts": {
    "lint": "eslint .",
    "serve": "firebase emulators:start --only functions",
    "shell": "firebase functions:shell",
    "start": "npm run shell",
    "deploy": "firebase deploy --only functions",
    "logs": "firebase functions:log"
  },
  "engines": {
    "node": "24"
  },
  "main": "index.js",
  "dependencies": {
    "firebase-admin": "^13.6.0",
    "firebase-functions": "^7.0.0"
  },
  "devDependencies": {
    "eslint": "^8.15.0",
    "eslint-config-google": "^0.14.0",
    "firebase-functions-test": "^3.4.1"
  },
  "private": true
}
[debug] [2026-05-28T05:57:59.825Z] Building nodejs source
[info] i  functions: Loading and analyzing source code for codebase default to determine what to deploy 
[debug] [2026-05-28T05:57:59.826Z] Could not find functions.yaml. Must use http discovery
[debug] [2026-05-28T05:57:59.840Z] Found firebase-functions binary at 'C:\Users\celso\desktop\JornadaAoDev\TRILHA\SEMANA 6\Projeto_WHATSAPP\functions\node_modules\.bin\firebase-functions'
[info] Serving at port 8045

[debug] [2026-05-28T05:58:04.659Z] Got response from /__/functions.yaml {"endpoints":{"helloWorld":{"availableMemoryMb":null,"timeoutSeconds":null,"minInstances":null,"maxInstances":null,"ingressSettings":null,"concurrency":null,"serviceAccountEmail":null,"vpc":null,"platform":"gcfv2","labels":{},"httpsTrigger":{},"entryPoint":"helloWorld"}},"specVersion":"v1alpha1","requiredAPIs":[],"extensions":{}}
[debug] [2026-05-28T05:58:08.690Z] Checked if tokens are valid: true, expires at: 1779950541941
[debug] [2026-05-28T05:58:08.690Z] Checked if tokens are valid: true, expires at: 1779950541941
[debug] [2026-05-28T05:58:08.690Z] >>> [apiv2][query] GET https://cloudfunctions.googleapis.com/v1/projects/whatsapp-clone-69424/locations/-/functions [none]
[debug] [2026-05-28T05:58:09.917Z] <<< [apiv2][status] GET https://cloudfunctions.googleapis.com/v1/projects/whatsapp-clone-69424/locations/-/functions 200
[debug] [2026-05-28T05:58:09.917Z] <<< [apiv2][body] GET https://cloudfunctions.googleapis.com/v1/projects/whatsapp-clone-69424/locations/-/functions {}
[debug] [2026-05-28T05:58:09.917Z] Checked if tokens are valid: true, expires at: 1779950541941
[debug] [2026-05-28T05:58:09.917Z] Checked if tokens are valid: true, expires at: 1779950541941
[debug] [2026-05-28T05:58:09.918Z] >>> [apiv2][query] GET https://cloudfunctions.googleapis.com/v2/projects/whatsapp-clone-69424/locations/-/functions filter=environment%3D%22GEN_2%22
[debug] [2026-05-28T05:58:11.382Z] <<< [apiv2][status] GET https://cloudfunctions.googleapis.com/v2/projects/whatsapp-clone-69424/locations/-/functions 200
[debug] [2026-05-28T05:58:11.382Z] <<< [apiv2][body] GET https://cloudfunctions.googleapis.com/v2/projects/whatsapp-clone-69424/locations/-/functions {}
[info] i  extensions: ensuring required API firebaseextensions.googleapis.com is enabled... 
[debug] [2026-05-28T05:58:11.383Z] Checked if tokens are valid: true, expires at: 1779950541941
[debug] [2026-05-28T05:58:11.384Z] Checked if tokens are valid: true, expires at: 1779950541941
[debug] [2026-05-28T05:58:11.384Z] >>> [apiv2][query] GET https://serviceusage.googleapis.com/v1/projects/whatsapp-clone-69424/services/firebaseextensions.googleapis.com [none]
[debug] [2026-05-28T05:58:11.384Z] >>> [apiv2][(partial)header] GET https://serviceusage.googleapis.com/v1/projects/whatsapp-clone-69424/services/firebaseextensions.googleapis.com  x-goog-user-project=whatsapp-clone-69424
[debug] [2026-05-28T05:58:12.414Z] <<< [apiv2][status] GET https://serviceusage.googleapis.com/v1/projects/whatsapp-clone-69424/services/firebaseextensions.googleapis.com 200
[debug] [2026-05-28T05:58:12.414Z] <<< [apiv2][body] GET https://serviceusage.googleapis.com/v1/projects/whatsapp-clone-69424/services/firebaseextensions.googleapis.com [omitted]
[warn] !  extensions: missing required API firebaseextensions.googleapis.com. Enabling now... 
[debug] [2026-05-28T05:58:12.415Z] Checked if tokens are valid: true, expires at: 1779950541941
[debug] [2026-05-28T05:58:12.415Z] Checked if tokens are valid: true, expires at: 1779950541941
[debug] [2026-05-28T05:58:12.415Z] >>> [apiv2][query] POST https://serviceusage.googleapis.com/v1/projects/whatsapp-clone-69424/services/firebaseextensions.googleapis.com:enable [none]
[debug] [2026-05-28T05:58:12.416Z] >>> [apiv2][(partial)header] POST https://serviceusage.googleapis.com/v1/projects/whatsapp-clone-69424/services/firebaseextensions.googleapis.com:enable  x-goog-user-project=whatsapp-clone-69424
[debug] [2026-05-28T05:58:13.082Z] <<< [apiv2][status] POST https://serviceusage.googleapis.com/v1/projects/whatsapp-clone-69424/services/firebaseextensions.googleapis.com:enable 200
[debug] [2026-05-28T05:58:13.082Z] <<< [apiv2][body] POST https://serviceusage.googleapis.com/v1/projects/whatsapp-clone-69424/services/firebaseextensions.googleapis.com:enable [omitted]
[debug] [2026-05-28T05:58:23.100Z] > command requires scopes: ["email","openid","https://www.googleapis.com/auth/cloudplatformprojects.readonly","https://www.googleapis.com/auth/firebase","https://www.googleapis.com/auth/cloud-platform"]
[debug] [2026-05-28T05:58:23.101Z] > authorizing via signed-in user (celsokaiiki@gmail.com)
[debug] [2026-05-28T05:58:23.101Z] [iam] checking project whatsapp-clone-69424 for permissions ["firebase.projects.get","firebaseextensions.instances.list"]
[debug] [2026-05-28T05:58:23.101Z] Checked if tokens are valid: true, expires at: 1779950541941
[debug] [2026-05-28T05:58:23.101Z] Checked if tokens are valid: true, expires at: 1779950541941
[debug] [2026-05-28T05:58:23.101Z] >>> [apiv2][query] POST https://cloudresourcemanager.googleapis.com/v1/projects/whatsapp-clone-69424:testIamPermissions [none]
[debug] [2026-05-28T05:58:23.101Z] >>> [apiv2][(partial)header] POST https://cloudresourcemanager.googleapis.com/v1/projects/whatsapp-clone-69424:testIamPermissions  x-goog-user-project=whatsapp-clone-69424
[debug] [2026-05-28T05:58:23.101Z] >>> [apiv2][body] POST https://cloudresourcemanager.googleapis.com/v1/projects/whatsapp-clone-69424:testIamPermissions {"permissions":["firebase.projects.get","firebaseextensions.instances.list"]}
[debug] [2026-05-28T05:58:23.948Z] <<< [apiv2][status] POST https://cloudresourcemanager.googleapis.com/v1/projects/whatsapp-clone-69424:testIamPermissions 200
[debug] [2026-05-28T05:58:23.948Z] <<< [apiv2][body] POST https://cloudresourcemanager.googleapis.com/v1/projects/whatsapp-clone-69424:testIamPermissions {"permissions":["firebase.projects.get","firebaseextensions.instances.list"]}
[debug] [2026-05-28T05:58:23.949Z] Checked if tokens are valid: true, expires at: 1779950541941
[debug] [2026-05-28T05:58:23.949Z] Checked if tokens are valid: true, expires at: 1779950541941
[debug] [2026-05-28T05:58:23.949Z] >>> [apiv2][query] GET https://firebaseextensions.googleapis.com/v1beta/projects/whatsapp-clone-69424/instances pageSize=100&pageToken=
[debug] [2026-05-28T05:58:26.679Z] <<< [apiv2][status] GET https://firebaseextensions.googleapis.com/v1beta/projects/whatsapp-clone-69424/instances 200
[debug] [2026-05-28T05:58:26.679Z] <<< [apiv2][body] GET https://firebaseextensions.googleapis.com/v1beta/projects/whatsapp-clone-69424/instances {}
[info] i  functions: preparing functions directory for uploading... 
[info] i  functions: packaged C:\Users\celso\desktop\JornadaAoDev\TRILHA\SEMANA 6\Projeto_WHATSAPP\functions (79.43 KB) for uploading 
[info] i  functions: ensuring required API run.googleapis.com is enabled... 
[debug] [2026-05-28T05:58:26.729Z] Checked if tokens are valid: true, expires at: 1779950541941
[debug] [2026-05-28T05:58:26.729Z] Checked if tokens are valid: true, expires at: 1779950541941
[info] i  functions: ensuring required API eventarc.googleapis.com is enabled... 
[debug] [2026-05-28T05:58:26.729Z] Checked if tokens are valid: true, expires at: 1779950541941
[debug] [2026-05-28T05:58:26.729Z] Checked if tokens are valid: true, expires at: 1779950541941
[info] i  functions: ensuring required API pubsub.googleapis.com is enabled... 
[debug] [2026-05-28T05:58:26.730Z] Checked if tokens are valid: true, expires at: 1779950541941
[debug] [2026-05-28T05:58:26.730Z] Checked if tokens are valid: true, expires at: 1779950541941
[info] i  functions: ensuring required API storage.googleapis.com is enabled... 
[debug] [2026-05-28T05:58:26.731Z] Checked if tokens are valid: true, expires at: 1779950541941
[debug] [2026-05-28T05:58:26.731Z] Checked if tokens are valid: true, expires at: 1779950541941
[debug] [2026-05-28T05:58:26.731Z] >>> [apiv2][query] GET https://serviceusage.googleapis.com/v1/projects/112776440085/services/run.googleapis.com [none]
[debug] [2026-05-28T05:58:26.731Z] >>> [apiv2][(partial)header] GET https://serviceusage.googleapis.com/v1/projects/112776440085/services/run.googleapis.com  x-goog-user-project=112776440085
[debug] [2026-05-28T05:58:26.733Z] >>> [apiv2][query] GET https://serviceusage.googleapis.com/v1/projects/112776440085/services/eventarc.googleapis.com [none]
[debug] [2026-05-28T05:58:26.733Z] >>> [apiv2][(partial)header] GET https://serviceusage.googleapis.com/v1/projects/112776440085/services/eventarc.googleapis.com  x-goog-user-project=112776440085
[debug] [2026-05-28T05:58:26.734Z] >>> [apiv2][query] GET https://serviceusage.googleapis.com/v1/projects/112776440085/services/pubsub.googleapis.com [none]
[debug] [2026-05-28T05:58:26.734Z] >>> [apiv2][(partial)header] GET https://serviceusage.googleapis.com/v1/projects/112776440085/services/pubsub.googleapis.com  x-goog-user-project=112776440085
[debug] [2026-05-28T05:58:26.736Z] >>> [apiv2][query] GET https://serviceusage.googleapis.com/v1/projects/112776440085/services/storage.googleapis.com [none]
[debug] [2026-05-28T05:58:26.736Z] >>> [apiv2][(partial)header] GET https://serviceusage.googleapis.com/v1/projects/112776440085/services/storage.googleapis.com  x-goog-user-project=112776440085
[debug] [2026-05-28T05:58:27.747Z] <<< [apiv2][status] GET https://serviceusage.googleapis.com/v1/projects/112776440085/services/eventarc.googleapis.com 200
[debug] [2026-05-28T05:58:27.747Z] <<< [apiv2][body] GET https://serviceusage.googleapis.com/v1/projects/112776440085/services/eventarc.googleapis.com [omitted]
[warn] !  functions: missing required API eventarc.googleapis.com. Enabling now... 
[debug] [2026-05-28T05:58:27.748Z] Checked if tokens are valid: true, expires at: 1779950541941
[debug] [2026-05-28T05:58:27.748Z] Checked if tokens are valid: true, expires at: 1779950541941
[debug] [2026-05-28T05:58:27.748Z] >>> [apiv2][query] POST https://serviceusage.googleapis.com/v1/projects/112776440085/services/eventarc.googleapis.com:enable [none]
[debug] [2026-05-28T05:58:27.748Z] >>> [apiv2][(partial)header] POST https://serviceusage.googleapis.com/v1/projects/112776440085/services/eventarc.googleapis.com:enable  x-goog-user-project=112776440085
[debug] [2026-05-28T05:58:27.762Z] <<< [apiv2][status] GET https://serviceusage.googleapis.com/v1/projects/112776440085/services/pubsub.googleapis.com 200
[debug] [2026-05-28T05:58:27.762Z] <<< [apiv2][body] GET https://serviceusage.googleapis.com/v1/projects/112776440085/services/pubsub.googleapis.com [omitted]
[info] +  functions: required API pubsub.googleapis.com is enabled 
[debug] [2026-05-28T05:58:27.780Z] <<< [apiv2][status] GET https://serviceusage.googleapis.com/v1/projects/112776440085/services/run.googleapis.com 200
[debug] [2026-05-28T05:58:27.781Z] <<< [apiv2][body] GET https://serviceusage.googleapis.com/v1/projects/112776440085/services/run.googleapis.com [omitted]
[warn] !  functions: missing required API run.googleapis.com. Enabling now... 
[debug] [2026-05-28T05:58:27.781Z] Checked if tokens are valid: true, expires at: 1779950541941
[debug] [2026-05-28T05:58:27.781Z] Checked if tokens are valid: true, expires at: 1779950541941
[debug] [2026-05-28T05:58:27.781Z] >>> [apiv2][query] POST https://serviceusage.googleapis.com/v1/projects/112776440085/services/run.googleapis.com:enable [none]
[debug] [2026-05-28T05:58:27.781Z] >>> [apiv2][(partial)header] POST https://serviceusage.googleapis.com/v1/projects/112776440085/services/run.googleapis.com:enable  x-goog-user-project=112776440085
[debug] [2026-05-28T05:58:27.812Z] <<< [apiv2][status] GET https://serviceusage.googleapis.com/v1/projects/112776440085/services/storage.googleapis.com 200
[debug] [2026-05-28T05:58:27.812Z] <<< [apiv2][body] GET https://serviceusage.googleapis.com/v1/projects/112776440085/services/storage.googleapis.com [omitted]
[info] +  functions: required API storage.googleapis.com is enabled 
[debug] [2026-05-28T05:58:29.032Z] <<< [apiv2][status] POST https://serviceusage.googleapis.com/v1/projects/112776440085/services/eventarc.googleapis.com:enable 200
[debug] [2026-05-28T05:58:29.032Z] <<< [apiv2][body] POST https://serviceusage.googleapis.com/v1/projects/112776440085/services/eventarc.googleapis.com:enable [omitted]
[debug] [2026-05-28T05:58:29.180Z] <<< [apiv2][status] POST https://serviceusage.googleapis.com/v1/projects/112776440085/services/run.googleapis.com:enable 200
[debug] [2026-05-28T05:58:29.180Z] <<< [apiv2][body] POST https://serviceusage.googleapis.com/v1/projects/112776440085/services/run.googleapis.com:enable [omitted]
[info] i  functions: generating the service identity for pubsub.googleapis.com... 
[debug] [2026-05-28T05:58:39.208Z] Checked if tokens are valid: true, expires at: 1779950541941
[debug] [2026-05-28T05:58:39.208Z] Checked if tokens are valid: true, expires at: 1779950541941
[info] i  functions: generating the service identity for eventarc.googleapis.com... 
[debug] [2026-05-28T05:58:39.208Z] Checked if tokens are valid: true, expires at: 1779950541941
[debug] [2026-05-28T05:58:39.208Z] Checked if tokens are valid: true, expires at: 1779950541941
[debug] [2026-05-28T05:58:39.208Z] >>> [apiv2][query] POST https://serviceusage.googleapis.com/v1beta1/projects/112776440085/services/pubsub.googleapis.com:generateServiceIdentity [none]
[debug] [2026-05-28T05:58:39.208Z] >>> [apiv2][(partial)header] POST https://serviceusage.googleapis.com/v1beta1/projects/112776440085/services/pubsub.googleapis.com:generateServiceIdentity  x-goog-user-project=112776440085
[debug] [2026-05-28T05:58:39.208Z] >>> [apiv2][body] POST https://serviceusage.googleapis.com/v1beta1/projects/112776440085/services/pubsub.googleapis.com:generateServiceIdentity {}
[debug] [2026-05-28T05:58:39.209Z] >>> [apiv2][query] POST https://serviceusage.googleapis.com/v1beta1/projects/112776440085/services/eventarc.googleapis.com:generateServiceIdentity [none]
[debug] [2026-05-28T05:58:39.209Z] >>> [apiv2][(partial)header] POST https://serviceusage.googleapis.com/v1beta1/projects/112776440085/services/eventarc.googleapis.com:generateServiceIdentity  x-goog-user-project=112776440085
[debug] [2026-05-28T05:58:39.210Z] >>> [apiv2][body] POST https://serviceusage.googleapis.com/v1beta1/projects/112776440085/services/eventarc.googleapis.com:generateServiceIdentity {}
[debug] [2026-05-28T05:58:40.618Z] <<< [apiv2][status] POST https://serviceusage.googleapis.com/v1beta1/projects/112776440085/services/eventarc.googleapis.com:generateServiceIdentity 200
[debug] [2026-05-28T05:58:40.618Z] <<< [apiv2][body] POST https://serviceusage.googleapis.com/v1beta1/projects/112776440085/services/eventarc.googleapis.com:generateServiceIdentity {"name":"operations/finished.DONE_OPERATION","done":true,"response":{"@type":"type.googleapis.com/google.api.serviceusage.v1beta1.ServiceIdentity","email":"service-112776440085@gcp-sa-eventarc.iam.gserviceaccount.com","uniqueId":"115775631628428301296"}}
[debug] [2026-05-28T05:58:40.869Z] <<< [apiv2][status] POST https://serviceusage.googleapis.com/v1beta1/projects/112776440085/services/pubsub.googleapis.com:generateServiceIdentity 200
[debug] [2026-05-28T05:58:40.869Z] <<< [apiv2][body] POST https://serviceusage.googleapis.com/v1beta1/projects/112776440085/services/pubsub.googleapis.com:generateServiceIdentity {"name":"operations/finished.DONE_OPERATION","done":true,"response":{"@type":"type.googleapis.com/google.api.serviceusage.v1beta1.ServiceIdentity","email":"service-112776440085@gcp-sa-pubsub.iam.gserviceaccount.com","uniqueId":"106225198755574491103"}}
[debug] [2026-05-28T05:58:40.870Z] Checked if tokens are valid: true, expires at: 1779950541941
[debug] [2026-05-28T05:58:40.870Z] Checked if tokens are valid: true, expires at: 1779950541941
[debug] [2026-05-28T05:58:40.871Z] >>> [apiv2][query] GET https://cloudresourcemanager.googleapis.com/v1/projects/whatsapp-clone-69424 [none]
[debug] [2026-05-28T05:58:41.749Z] <<< [apiv2][status] GET https://cloudresourcemanager.googleapis.com/v1/projects/whatsapp-clone-69424 200
[debug] [2026-05-28T05:58:41.750Z] <<< [apiv2][body] GET https://cloudresourcemanager.googleapis.com/v1/projects/whatsapp-clone-69424 {"projectNumber":"112776440085","projectId":"whatsapp-clone-69424","lifecycleState":"ACTIVE","name":"whatsapp-clone","labels":{"firebase":"enabled","firebase-core":"disabled"},"createTime":"2026-05-23T03:49:15.612Z"}
[debug] [2026-05-28T05:58:41.750Z] Checked if tokens are valid: true, expires at: 1779950541941
[debug] [2026-05-28T05:58:41.750Z] Checked if tokens are valid: true, expires at: 1779950541941
[debug] [2026-05-28T05:58:41.750Z] >>> [apiv2][query] GET https://compute.googleapis.com/compute/v1/projects/112776440085 [none]
[debug] [2026-05-28T05:58:42.282Z] <<< [apiv2][status] GET https://compute.googleapis.com/compute/v1/projects/112776440085 403
[debug] [2026-05-28T05:58:42.282Z] <<< [apiv2][body] GET https://compute.googleapis.com/compute/v1/projects/112776440085 {"error":{"code":403,"message":"Compute Engine API has not been used in project 112776440085 before or it is disabled. Enable it by visiting https://console.developers.google.com/apis/api/compute.googleapis.com/overview?project=112776440085 then retry. If you enabled this API recently, wait a few minutes for the action to propagate to our systems and retry.","errors":[{"message":"Compute Engine API has not been used in project 112776440085 before or it is disabled. Enable it by visiting https://console.developers.google.com/apis/api/compute.googleapis.com/overview?project=112776440085 then retry. If you enabled this API recently, wait a few minutes for the action to propagate to our systems and retry.","domain":"usageLimits","reason":"accessNotConfigured","extendedHelp":"https://console.developers.google.com"}],"status":"PERMISSION_DENIED","details":[{"@type":"type.googleapis.com/google.rpc.ErrorInfo","reason":"SERVICE_DISABLED","domain":"googleapis.com","metadata":{"activationUrl":"https://console.developers.google.com/apis/api/compute.googleapis.com/overview?project=112776440085","serviceTitle":"Compute Engine API","service":"compute.googleapis.com","containerInfo":"112776440085","consumer":"projects/112776440085"}},{"@type":"type.googleapis.com/google.rpc.LocalizedMessage","locale":"en-US","message":"Compute Engine API has not been used in project 112776440085 before or it is disabled. Enable it by visiting https://console.developers.google.com/apis/api/compute.googleapis.com/overview?project=112776440085 then retry. If you enabled this API recently, wait a few minutes for the action to propagate to our systems and retry."},{"@type":"type.googleapis.com/google.rpc.Help","links":[{"description":"Google developers console API activation","url":"https://console.developers.google.com/apis/api/compute.googleapis.com/overview?project=112776440085"}]}]}}
[debug] [2026-05-28T05:58:42.284Z] unable to look up default compute service account. Falling back to 112776440085-compute@developer.gserviceaccount.com. Error: {"name":"FirebaseError","children":[],"context":{"body":{"error":{"code":403,"message":"Compute Engine API has not been used in project 112776440085 before or it is disabled. Enable it by visiting https://console.developers.google.com/apis/api/compute.googleapis.com/overview?project=112776440085 then retry. If you enabled this API recently, wait a few minutes for the action to propagate to our systems and retry.","errors":[{"message":"Compute Engine API has not been used in project 112776440085 before or it is disabled. Enable it by visiting https://console.developers.google.com/apis/api/compute.googleapis.com/overview?project=112776440085 then retry. If you enabled this API recently, wait a few minutes for the action to propagate to our systems and retry.","domain":"usageLimits","reason":"accessNotConfigured","extendedHelp":"https://console.developers.google.com"}],"status":"PERMISSION_DENIED","details":[{"@type":"type.googleapis.com/google.rpc.ErrorInfo","reason":"SERVICE_DISABLED","domain":"googleapis.com","metadata":{"activationUrl":"https://console.developers.google.com/apis/api/compute.googleapis.com/overview?project=112776440085","serviceTitle":"Compute Engine API","service":"compute.googleapis.com","containerInfo":"112776440085","consumer":"projects/112776440085"}},{"@type":"type.googleapis.com/google.rpc.LocalizedMessage","locale":"en-US","message":"Compute Engine API has not been used in project 112776440085 before or it is disabled. Enable it by visiting https://console.developers.google.com/apis/api/compute.googleapis.com/overview?project=112776440085 then retry. If you enabled this API recently, wait a few minutes for the action to propagate to our systems and retry."},{"@type":"type.googleapis.com/google.rpc.Help","links":[{"description":"Google developers console API activation","url":"https://console.developers.google.com/apis/api/compute.googleapis.com/overview?project=112776440085"}]}]}},"response":{"statusCode":403}},"exit":1,"message":"Request to https://compute.googleapis.com/compute/v1/projects/112776440085 had HTTP Error: 403, Compute Engine API has not been used in project 112776440085 before or it is disabled. Enable it by visiting https://console.developers.google.com/apis/api/compute.googleapis.com/overview?project=112776440085 then retry. If you enabled this API recently, wait a few minutes for the action to propagate to our systems and retry.","status":403}
[debug] [2026-05-28T05:58:42.288Z] Checked if tokens are valid: true, expires at: 1779950541941
[debug] [2026-05-28T05:58:42.288Z] Checked if tokens are valid: true, expires at: 1779950541941
[debug] [2026-05-28T05:58:42.288Z] >>> [apiv2][query] GET https://cloudbilling.googleapis.com/v1/projects/whatsapp-clone-69424/billingInfo [none]
[debug] [2026-05-28T05:58:43.526Z] <<< [apiv2][status] GET https://cloudbilling.googleapis.com/v1/projects/whatsapp-clone-69424/billingInfo 200
[debug] [2026-05-28T05:58:43.526Z] <<< [apiv2][body] GET https://cloudbilling.googleapis.com/v1/projects/whatsapp-clone-69424/billingInfo {"name":"projects/whatsapp-clone-69424/billingInfo","projectId":"whatsapp-clone-69424","billingAccountName":"billingAccounts/010F95-E48D55-1B6719","billingEnabled":true}
[debug] [2026-05-28T05:58:43.527Z] [functions] found 1 new HTTP functions, testing setIamPolicy permission...
[debug] [2026-05-28T05:58:43.527Z] Checked if tokens are valid: true, expires at: 1779950541941
[debug] [2026-05-28T05:58:43.527Z] Checked if tokens are valid: true, expires at: 1779950541941
[debug] [2026-05-28T05:58:43.527Z] >>> [apiv2][query] POST https://cloudresourcemanager.googleapis.com/v1/projects/whatsapp-clone-69424:testIamPermissions [none]
[debug] [2026-05-28T05:58:43.527Z] >>> [apiv2][(partial)header] POST https://cloudresourcemanager.googleapis.com/v1/projects/whatsapp-clone-69424:testIamPermissions  x-goog-user-project=whatsapp-clone-69424
[debug] [2026-05-28T05:58:43.527Z] >>> [apiv2][body] POST https://cloudresourcemanager.googleapis.com/v1/projects/whatsapp-clone-69424:testIamPermissions {"permissions":["cloudfunctions.functions.setIamPolicy"]}
[debug] [2026-05-28T05:58:43.702Z] <<< [apiv2][status] POST https://cloudresourcemanager.googleapis.com/v1/projects/whatsapp-clone-69424:testIamPermissions 200
[debug] [2026-05-28T05:58:43.703Z] <<< [apiv2][body] POST https://cloudresourcemanager.googleapis.com/v1/projects/whatsapp-clone-69424:testIamPermissions {"permissions":["cloudfunctions.functions.setIamPolicy"]}
[debug] [2026-05-28T05:58:43.703Z] [functions] found setIamPolicy permission, proceeding with deploy
[debug] [2026-05-28T05:58:43.703Z] Checked if tokens are valid: true, expires at: 1779950541941
[debug] [2026-05-28T05:58:43.703Z] Checked if tokens are valid: true, expires at: 1779950541941
[debug] [2026-05-28T05:58:43.704Z] >>> [apiv2][query] POST https://cloudfunctions.googleapis.com/v2/projects/whatsapp-clone-69424/locations/us-central1/functions:generateUploadUrl [none]
[debug] [2026-05-28T05:58:45.997Z] <<< [apiv2][status] POST https://cloudfunctions.googleapis.com/v2/projects/whatsapp-clone-69424/locations/us-central1/functions:generateUploadUrl 200
[debug] [2026-05-28T05:58:45.997Z] <<< [apiv2][body] POST https://cloudfunctions.googleapis.com/v2/projects/whatsapp-clone-69424/locations/us-central1/functions:generateUploadUrl {"uploadUrl":"https://storage.googleapis.com/gcf-v2-uploads-112776440085.us-central1.cloudfunctions.appspot.com/e6b2cdf9-9a86-4daf-bc94-b7a9b420eca7.zip?GoogleAccessId=service-112776440085@gcf-admin-robot.iam.gserviceaccount.com&Expires=1779949725&Signature=Q8LFMkVP0tUdCFEEJgLTt0nnEar7cpl0MgKwbq5lYXbeC%2FvxOGhYiHloxJhZ%2FoWtN%2FECGdZse7sTxBnaAODJd0P1bz6HFki2ZXFq3VnSVtvHXercUeRXeT4a306ClWJRfosU1mGWlrZN2km6DPJUXuNMEQwjVbhaIcbusdyQ%2FFg5HYY0Z5DOte1j5mRg%2BdcW7Sr4UdHoH3K77oVn6QLfiL1zuAcUAx8XiA5GF6ZH1YIXk3ueZiZrawavbA2P7W7jkgLpsGvDIhiYY8952pYGKX7SJTUhnt9Tou9pbT1747lJd3IXd54fwusdEsd4Q2EcWdFKRZS%2FVY9pgVKYfklcfA%3D%3D","storageSource":{"bucket":"gcf-v2-uploads-112776440085.us-central1.cloudfunctions.appspot.com","object":"e6b2cdf9-9a86-4daf-bc94-b7a9b420eca7.zip"}}
[debug] [2026-05-28T05:58:45.999Z] >>> [apiv2][query] PUT https://storage.googleapis.com/gcf-v2-uploads-112776440085.us-central1.cloudfunctions.appspot.com/e6b2cdf9-9a86-4daf-bc94-b7a9b420eca7.zip GoogleAccessId=service-112776440085%40gcf-admin-robot.iam.gserviceaccount.com&Expires=1779949725&Signature=Q8LFMkVP0tUdCFEEJgLTt0nnEar7cpl0MgKwbq5lYXbeC%2FvxOGhYiHloxJhZ%2FoWtN%2FECGdZse7sTxBnaAODJd0P1bz6HFki2ZXFq3VnSVtvHXercUeRXeT4a306ClWJRfosU1mGWlrZN2km6DPJUXuNMEQwjVbhaIcbusdyQ%2FFg5HYY0Z5DOte1j5mRg%2BdcW7Sr4UdHoH3K77oVn6QLfiL1zuAcUAx8XiA5GF6ZH1YIXk3ueZiZrawavbA2P7W7jkgLpsGvDIhiYY8952pYGKX7SJTUhnt9Tou9pbT1747lJd3IXd54fwusdEsd4Q2EcWdFKRZS%2FVY9pgVKYfklcfA%3D%3D
[debug] [2026-05-28T05:58:45.999Z] >>> [apiv2][body] PUT https://storage.googleapis.com/gcf-v2-uploads-112776440085.us-central1.cloudfunctions.appspot.com/e6b2cdf9-9a86-4daf-bc94-b7a9b420eca7.zip [stream]
[debug] [2026-05-28T05:58:46.662Z] <<< [apiv2][status] PUT https://storage.googleapis.com/gcf-v2-uploads-112776440085.us-central1.cloudfunctions.appspot.com/e6b2cdf9-9a86-4daf-bc94-b7a9b420eca7.zip 200
[debug] [2026-05-28T05:58:46.662Z] <<< [apiv2][body] PUT https://storage.googleapis.com/gcf-v2-uploads-112776440085.us-central1.cloudfunctions.appspot.com/e6b2cdf9-9a86-4daf-bc94-b7a9b420eca7.zip [omitted]
[info] +  functions: functions source uploaded successfully 
[info] i  functions: creating Node.js 24 (2nd Gen) function helloWorld(us-central1)... 
[debug] [2026-05-28T05:58:46.668Z] Checked if tokens are valid: true, expires at: 1779950541941
[debug] [2026-05-28T05:58:46.668Z] Checked if tokens are valid: true, expires at: 1779950541941
[debug] [2026-05-28T05:58:46.668Z] >>> [apiv2][query] POST https://cloudfunctions.googleapis.com/v2/projects/whatsapp-clone-69424/locations/us-central1/functions functionId=helloWorld
[debug] [2026-05-28T05:58:46.668Z] >>> [apiv2][body] POST https://cloudfunctions.googleapis.com/v2/projects/whatsapp-clone-69424/locations/us-central1/functions {"name":"projects/whatsapp-clone-69424/locations/us-central1/functions/helloWorld","buildConfig":{"runtime":"nodejs24","entryPoint":"helloWorld","source":{"storageSource":{"bucket":"gcf-v2-uploads-112776440085.us-central1.cloudfunctions.appspot.com","object":"e6b2cdf9-9a86-4daf-bc94-b7a9b420eca7.zip"}},"environmentVariables":{"GOOGLE_NODE_RUN_SCRIPTS":""}},"serviceConfig":{"environmentVariables":{"FIREBASE_CONFIG":"{\"projectId\":\"whatsapp-clone-69424\",\"databaseURL\":\"https://whatsapp-clone-69424-default-rtdb.firebaseio.com\",\"storageBucket\":\"whatsapp-clone-69424.firebasestorage.app\"}","GCLOUD_PROJECT":"whatsapp-clone-69424","EVENTARC_CLOUD_EVENT_SOURCE":"projects/whatsapp-clone-69424/locations/us-central1/services/helloWorld","FUNCTION_TARGET":"helloWorld","LOG_EXECUTION_ID":"true"},"ingressSettings":null,"timeoutSeconds":null,"serviceAccountEmail":null,"availableMemory":"256Mi","minInstanceCount":null,"maxInstanceCount":null,"maxInstanceRequestConcurrency":80,"availableCpu":"1","vpcConnector":null,"vpcConnectorEgressSettings":null,"directVpcNetworkInterface":null,"directVpcEgress":null},"labels":{"deployment-tool":"cli-firebase","firebase-functions-hash":"86cd4cd5b76b6316fe855213bf3fcc247cfe6b07"}}
[debug] [2026-05-28T05:58:48.798Z] <<< [apiv2][status] POST https://cloudfunctions.googleapis.com/v2/projects/whatsapp-clone-69424/locations/us-central1/functions 200
[debug] [2026-05-28T05:58:48.798Z] <<< [apiv2][body] POST https://cloudfunctions.googleapis.com/v2/projects/whatsapp-clone-69424/locations/us-central1/functions {"name":"projects/whatsapp-clone-69424/locations/us-central1/operations/operation-1779947927296-652da6becdb3e-2b6d90ef-56f42933","metadata":{"@type":"type.googleapis.com/google.cloud.functions.v2.OperationMetadata","createTime":"2026-05-28T05:58:48.445412488Z","target":"projects/whatsapp-clone-69424/locations/us-central1/functions/helloWorld","verb":"create","cancelRequested":false,"apiVersion":"v2"},"done":false}
[debug] [2026-05-28T05:58:48.799Z] Checked if tokens are valid: true, expires at: 1779950541941
[debug] [2026-05-28T05:58:48.799Z] Checked if tokens are valid: true, expires at: 1779950541941
[debug] [2026-05-28T05:58:48.800Z] >>> [apiv2][query] GET https://cloudfunctions.googleapis.com/v2/projects/whatsapp-clone-69424/locations/us-central1/operations/operation-1779947927296-652da6becdb3e-2b6d90ef-56f42933 [none]
[debug] [2026-05-28T05:58:49.750Z] <<< [apiv2][status] GET https://cloudfunctions.googleapis.com/v2/projects/whatsapp-clone-69424/locations/us-central1/operations/operation-1779947927296-652da6becdb3e-2b6d90ef-56f42933 200
[debug] [2026-05-28T05:58:49.750Z] <<< [apiv2][body] GET https://cloudfunctions.googleapis.com/v2/projects/whatsapp-clone-69424/locations/us-central1/operations/operation-1779947927296-652da6becdb3e-2b6d90ef-56f42933 {"name":"projects/whatsapp-clone-69424/locations/us-central1/operations/operation-1779947927296-652da6becdb3e-2b6d90ef-56f42933","metadata":{"@type":"type.googleapis.com/google.cloud.functions.v2.OperationMetadata","createTime":"2026-05-28T05:58:48.445412488Z","target":"projects/whatsapp-clone-69424/locations/us-central1/functions/helloWorld","verb":"create","cancelRequested":false,"apiVersion":"v2","requestResource":{"@type":"type.googleapis.com/google.cloud.functions.v2.Function","name":"projects/whatsapp-clone-69424/locations/us-central1/functions/helloWorld","buildConfig":{"runtime":"nodejs24","entryPoint":"helloWorld","source":{"storageSource":{"bucket":"gcf-v2-sources-112776440085-us-central1","object":"helloWorld/function-source.zip","generation":"1779947928138164"}},"environmentVariables":{"GOOGLE_NODE_RUN_SCRIPTS":""},"serviceAccount":"projects/whatsapp-clone-69424/serviceAccounts/112776440085-compute@developer.gserviceaccount.com","automaticUpdatePolicy":{}},"serviceConfig":{"service":"projects/whatsapp-clone-69424/locations/us-central1/services/helloworld","timeoutSeconds":60,"environmentVariables":{"FIREBASE_CONFIG":"{\"projectId\":\"whatsapp-clone-69424\",\"databaseURL\":\"https://whatsapp-clone-69424-default-rtdb.firebaseio.com\",\"storageBucket\":\"whatsapp-clone-69424.firebasestorage.app\"}","GCLOUD_PROJECT":"whatsapp-clone-69424","EVENTARC_CLOUD_EVENT_SOURCE":"projects/whatsapp-clone-69424/locations/us-central1/services/helloWorld","FUNCTION_TARGET":"helloWorld","LOG_EXECUTION_ID":"true"},"ingressSettings":"ALLOW_ALL","serviceAccountEmail":"112776440085-compute@developer.gserviceaccount.com","availableMemory":"256Mi","maxInstanceRequestConcurrency":80,"availableCpu":"1"},"labels":{"deployment-tool":"cli-firebase","firebase-functions-hash":"86cd4cd5b76b6316fe855213bf3fcc247cfe6b07"},"environment":"GEN_2"},"stages":[{"name":"BUILD","state":"NOT_STARTED"},{"name":"SERVICE","state":"NOT_STARTED"}],"operationType":"CREATE_FUNCTION"},"done":false}
[debug] [2026-05-28T05:58:50.261Z] [create-default-us-central1-helloWorld] Retrying task index 0
[debug] [2026-05-28T05:58:50.262Z] Checked if tokens are valid: true, expires at: 1779950541941
[debug] [2026-05-28T05:58:50.262Z] Checked if tokens are valid: true, expires at: 1779950541941
[debug] [2026-05-28T05:58:50.262Z] >>> [apiv2][query] GET https://cloudfunctions.googleapis.com/v2/projects/whatsapp-clone-69424/locations/us-central1/operations/operation-1779947927296-652da6becdb3e-2b6d90ef-56f42933 [none]
[debug] [2026-05-28T05:58:51.192Z] <<< [apiv2][status] GET https://cloudfunctions.googleapis.com/v2/projects/whatsapp-clone-69424/locations/us-central1/operations/operation-1779947927296-652da6becdb3e-2b6d90ef-56f42933 200
[debug] [2026-05-28T05:58:51.192Z] <<< [apiv2][body] GET https://cloudfunctions.googleapis.com/v2/projects/whatsapp-clone-69424/locations/us-central1/operations/operation-1779947927296-652da6becdb3e-2b6d90ef-56f42933 {"name":"projects/whatsapp-clone-69424/locations/us-central1/operations/operation-1779947927296-652da6becdb3e-2b6d90ef-56f42933","metadata":{"@type":"type.googleapis.com/google.cloud.functions.v2.OperationMetadata","createTime":"2026-05-28T05:58:48.445412488Z","target":"projects/whatsapp-clone-69424/locations/us-central1/functions/helloWorld","verb":"create","cancelRequested":false,"apiVersion":"v2","requestResource":{"@type":"type.googleapis.com/google.cloud.functions.v2.Function","name":"projects/whatsapp-clone-69424/locations/us-central1/functions/helloWorld","buildConfig":{"runtime":"nodejs24","entryPoint":"helloWorld","source":{"storageSource":{"bucket":"gcf-v2-sources-112776440085-us-central1","object":"helloWorld/function-source.zip","generation":"1779947928138164"}},"environmentVariables":{"GOOGLE_NODE_RUN_SCRIPTS":""},"serviceAccount":"projects/whatsapp-clone-69424/serviceAccounts/112776440085-compute@developer.gserviceaccount.com","automaticUpdatePolicy":{}},"serviceConfig":{"service":"projects/whatsapp-clone-69424/locations/us-central1/services/helloworld","timeoutSeconds":60,"environmentVariables":{"FIREBASE_CONFIG":"{\"projectId\":\"whatsapp-clone-69424\",\"databaseURL\":\"https://whatsapp-clone-69424-default-rtdb.firebaseio.com\",\"storageBucket\":\"whatsapp-clone-69424.firebasestorage.app\"}","GCLOUD_PROJECT":"whatsapp-clone-69424","EVENTARC_CLOUD_EVENT_SOURCE":"projects/whatsapp-clone-69424/locations/us-central1/services/helloWorld","FUNCTION_TARGET":"helloWorld","LOG_EXECUTION_ID":"true"},"ingressSettings":"ALLOW_ALL","serviceAccountEmail":"112776440085-compute@developer.gserviceaccount.com","availableMemory":"256Mi","maxInstanceRequestConcurrency":80,"availableCpu":"1"},"labels":{"deployment-tool":"cli-firebase","firebase-functions-hash":"86cd4cd5b76b6316fe855213bf3fcc247cfe6b07"},"environment":"GEN_2"},"stages":[{"name":"BUILD","state":"NOT_STARTED"},{"name":"SERVICE","state":"NOT_STARTED"}],"operationType":"CREATE_FUNCTION"},"done":false}
[debug] [2026-05-28T05:58:52.201Z] [create-default-us-central1-helloWorld] Retrying task index 0
[debug] [2026-05-28T05:58:52.201Z] Checked if tokens are valid: true, expires at: 1779950541941
[debug] [2026-05-28T05:58:52.201Z] Checked if tokens are valid: true, expires at: 1779950541941
[debug] [2026-05-28T05:58:52.201Z] >>> [apiv2][query] GET https://cloudfunctions.googleapis.com/v2/projects/whatsapp-clone-69424/locations/us-central1/operations/operation-1779947927296-652da6becdb3e-2b6d90ef-56f42933 [none]
[debug] [2026-05-28T05:58:53.172Z] <<< [apiv2][status] GET https://cloudfunctions.googleapis.com/v2/projects/whatsapp-clone-69424/locations/us-central1/operations/operation-1779947927296-652da6becdb3e-2b6d90ef-56f42933 200
[debug] [2026-05-28T05:58:53.172Z] <<< [apiv2][body] GET https://cloudfunctions.googleapis.com/v2/projects/whatsapp-clone-69424/locations/us-central1/operations/operation-1779947927296-652da6becdb3e-2b6d90ef-56f42933 {"name":"projects/whatsapp-clone-69424/locations/us-central1/operations/operation-1779947927296-652da6becdb3e-2b6d90ef-56f42933","metadata":{"@type":"type.googleapis.com/google.cloud.functions.v2.OperationMetadata","createTime":"2026-05-28T05:58:48.445412488Z","target":"projects/whatsapp-clone-69424/locations/us-central1/functions/helloWorld","verb":"create","cancelRequested":false,"apiVersion":"v2","requestResource":{"@type":"type.googleapis.com/google.cloud.functions.v2.Function","name":"projects/whatsapp-clone-69424/locations/us-central1/functions/helloWorld","buildConfig":{"runtime":"nodejs24","entryPoint":"helloWorld","source":{"storageSource":{"bucket":"gcf-v2-sources-112776440085-us-central1","object":"helloWorld/function-source.zip","generation":"1779947928138164"}},"environmentVariables":{"GOOGLE_NODE_RUN_SCRIPTS":""},"serviceAccount":"projects/whatsapp-clone-69424/serviceAccounts/112776440085-compute@developer.gserviceaccount.com","automaticUpdatePolicy":{}},"serviceConfig":{"service":"projects/whatsapp-clone-69424/locations/us-central1/services/helloworld","timeoutSeconds":60,"environmentVariables":{"FIREBASE_CONFIG":"{\"projectId\":\"whatsapp-clone-69424\",\"databaseURL\":\"https://whatsapp-clone-69424-default-rtdb.firebaseio.com\",\"storageBucket\":\"whatsapp-clone-69424.firebasestorage.app\"}","GCLOUD_PROJECT":"whatsapp-clone-69424","EVENTARC_CLOUD_EVENT_SOURCE":"projects/whatsapp-clone-69424/locations/us-central1/services/helloWorld","FUNCTION_TARGET":"helloWorld","LOG_EXECUTION_ID":"true"},"ingressSettings":"ALLOW_ALL","serviceAccountEmail":"112776440085-compute@developer.gserviceaccount.com","availableMemory":"256Mi","maxInstanceRequestConcurrency":80,"availableCpu":"1"},"labels":{"deployment-tool":"cli-firebase","firebase-functions-hash":"86cd4cd5b76b6316fe855213bf3fcc247cfe6b07"},"environment":"GEN_2"},"stages":[{"name":"BUILD","state":"NOT_STARTED"},{"name":"SERVICE","state":"NOT_STARTED"}],"operationType":"CREATE_FUNCTION"},"done":false}
[debug] [2026-05-28T05:58:55.174Z] [create-default-us-central1-helloWorld] Retrying task index 0
[debug] [2026-05-28T05:58:55.174Z] Checked if tokens are valid: true, expires at: 1779950541941
[debug] [2026-05-28T05:58:55.174Z] Checked if tokens are valid: true, expires at: 1779950541941
[debug] [2026-05-28T05:58:55.174Z] >>> [apiv2][query] GET https://cloudfunctions.googleapis.com/v2/projects/whatsapp-clone-69424/locations/us-central1/operations/operation-1779947927296-652da6becdb3e-2b6d90ef-56f42933 [none]
[debug] [2026-05-28T05:58:56.111Z] <<< [apiv2][status] GET https://cloudfunctions.googleapis.com/v2/projects/whatsapp-clone-69424/locations/us-central1/operations/operation-1779947927296-652da6becdb3e-2b6d90ef-56f42933 200
[debug] [2026-05-28T05:58:56.112Z] <<< [apiv2][body] GET https://cloudfunctions.googleapis.com/v2/projects/whatsapp-clone-69424/locations/us-central1/operations/operation-1779947927296-652da6becdb3e-2b6d90ef-56f42933 {"name":"projects/whatsapp-clone-69424/locations/us-central1/operations/operation-1779947927296-652da6becdb3e-2b6d90ef-56f42933","metadata":{"@type":"type.googleapis.com/google.cloud.functions.v2.OperationMetadata","createTime":"2026-05-28T05:58:48.445412488Z","target":"projects/whatsapp-clone-69424/locations/us-central1/functions/helloWorld","verb":"create","cancelRequested":false,"apiVersion":"v2","requestResource":{"@type":"type.googleapis.com/google.cloud.functions.v2.Function","name":"projects/whatsapp-clone-69424/locations/us-central1/functions/helloWorld","buildConfig":{"runtime":"nodejs24","entryPoint":"helloWorld","source":{"storageSource":{"bucket":"gcf-v2-sources-112776440085-us-central1","object":"helloWorld/function-source.zip","generation":"1779947928138164"}},"environmentVariables":{"GOOGLE_NODE_RUN_SCRIPTS":""},"serviceAccount":"projects/whatsapp-clone-69424/serviceAccounts/112776440085-compute@developer.gserviceaccount.com","automaticUpdatePolicy":{}},"serviceConfig":{"service":"projects/whatsapp-clone-69424/locations/us-central1/services/helloworld","timeoutSeconds":60,"environmentVariables":{"FIREBASE_CONFIG":"{\"projectId\":\"whatsapp-clone-69424\",\"databaseURL\":\"https://whatsapp-clone-69424-default-rtdb.firebaseio.com\",\"storageBucket\":\"whatsapp-clone-69424.firebasestorage.app\"}","GCLOUD_PROJECT":"whatsapp-clone-69424","EVENTARC_CLOUD_EVENT_SOURCE":"projects/whatsapp-clone-69424/locations/us-central1/services/helloWorld","FUNCTION_TARGET":"helloWorld","LOG_EXECUTION_ID":"true"},"ingressSettings":"ALLOW_ALL","serviceAccountEmail":"112776440085-compute@developer.gserviceaccount.com","availableMemory":"256Mi","maxInstanceRequestConcurrency":80,"availableCpu":"1"},"labels":{"deployment-tool":"cli-firebase","firebase-functions-hash":"86cd4cd5b76b6316fe855213bf3fcc247cfe6b07"},"environment":"GEN_2"},"stages":[{"name":"BUILD","state":"NOT_STARTED"},{"name":"SERVICE","state":"NOT_STARTED"}],"operationType":"CREATE_FUNCTION"},"done":false}
[debug] [2026-05-28T05:59:00.125Z] [create-default-us-central1-helloWorld] Retrying task index 0
[debug] [2026-05-28T05:59:00.125Z] Checked if tokens are valid: true, expires at: 1779950541941
[debug] [2026-05-28T05:59:00.125Z] Checked if tokens are valid: true, expires at: 1779950541941
[debug] [2026-05-28T05:59:00.125Z] >>> [apiv2][query] GET https://cloudfunctions.googleapis.com/v2/projects/whatsapp-clone-69424/locations/us-central1/operations/operation-1779947927296-652da6becdb3e-2b6d90ef-56f42933 [none]
[debug] [2026-05-28T05:59:00.378Z] <<< [apiv2][status] GET https://cloudfunctions.googleapis.com/v2/projects/whatsapp-clone-69424/locations/us-central1/operations/operation-1779947927296-652da6becdb3e-2b6d90ef-56f42933 200
[debug] [2026-05-28T05:59:00.379Z] <<< [apiv2][body] GET https://cloudfunctions.googleapis.com/v2/projects/whatsapp-clone-69424/locations/us-central1/operations/operation-1779947927296-652da6becdb3e-2b6d90ef-56f42933 {"name":"projects/whatsapp-clone-69424/locations/us-central1/operations/operation-1779947927296-652da6becdb3e-2b6d90ef-56f42933","metadata":{"@type":"type.googleapis.com/google.cloud.functions.v2.OperationMetadata","createTime":"2026-05-28T05:58:48.445412488Z","target":"projects/whatsapp-clone-69424/locations/us-central1/functions/helloWorld","verb":"create","cancelRequested":false,"apiVersion":"v2","requestResource":{"@type":"type.googleapis.com/google.cloud.functions.v2.Function","name":"projects/whatsapp-clone-69424/locations/us-central1/functions/helloWorld","buildConfig":{"runtime":"nodejs24","entryPoint":"helloWorld","source":{"storageSource":{"bucket":"gcf-v2-sources-112776440085-us-central1","object":"helloWorld/function-source.zip","generation":"1779947928138164"}},"environmentVariables":{"GOOGLE_NODE_RUN_SCRIPTS":""},"serviceAccount":"projects/whatsapp-clone-69424/serviceAccounts/112776440085-compute@developer.gserviceaccount.com","automaticUpdatePolicy":{}},"serviceConfig":{"service":"projects/whatsapp-clone-69424/locations/us-central1/services/helloworld","timeoutSeconds":60,"environmentVariables":{"FIREBASE_CONFIG":"{\"projectId\":\"whatsapp-clone-69424\",\"databaseURL\":\"https://whatsapp-clone-69424-default-rtdb.firebaseio.com\",\"storageBucket\":\"whatsapp-clone-69424.firebasestorage.app\"}","GCLOUD_PROJECT":"whatsapp-clone-69424","EVENTARC_CLOUD_EVENT_SOURCE":"projects/whatsapp-clone-69424/locations/us-central1/services/helloWorld","FUNCTION_TARGET":"helloWorld","LOG_EXECUTION_ID":"true"},"ingressSettings":"ALLOW_ALL","serviceAccountEmail":"112776440085-compute@developer.gserviceaccount.com","availableMemory":"256Mi","maxInstanceRequestConcurrency":80,"availableCpu":"1"},"labels":{"deployment-tool":"cli-firebase","firebase-functions-hash":"86cd4cd5b76b6316fe855213bf3fcc247cfe6b07"},"environment":"GEN_2"},"stages":[{"name":"BUILD","message":"Build in progress","state":"IN_PROGRESS","resource":"projects/112776440085/locations/us-central1/builds/ea938182-b69f-48a5-af7f-97eef0a3d145","resourceUri":"https://console.cloud.google.com/cloud-build/builds;region=us-central1/ea938182-b69f-48a5-af7f-97eef0a3d145?project=112776440085"},{"name":"SERVICE","state":"NOT_STARTED"}],"operationType":"CREATE_FUNCTION","buildName":"projects/112776440085/locations/us-central1/builds/ea938182-b69f-48a5-af7f-97eef0a3d145"},"done":false}
[debug] [2026-05-28T05:59:08.392Z] [create-default-us-central1-helloWorld] Retrying task index 0
[debug] [2026-05-28T05:59:08.392Z] Checked if tokens are valid: true, expires at: 1779950541941
[debug] [2026-05-28T05:59:08.392Z] Checked if tokens are valid: true, expires at: 1779950541941
[debug] [2026-05-28T05:59:08.392Z] >>> [apiv2][query] GET https://cloudfunctions.googleapis.com/v2/projects/whatsapp-clone-69424/locations/us-central1/operations/operation-1779947927296-652da6becdb3e-2b6d90ef-56f42933 [none]
[debug] [2026-05-28T05:59:09.438Z] <<< [apiv2][status] GET https://cloudfunctions.googleapis.com/v2/projects/whatsapp-clone-69424/locations/us-central1/operations/operation-1779947927296-652da6becdb3e-2b6d90ef-56f42933 200
[debug] [2026-05-28T05:59:09.438Z] <<< [apiv2][body] GET https://cloudfunctions.googleapis.com/v2/projects/whatsapp-clone-69424/locations/us-central1/operations/operation-1779947927296-652da6becdb3e-2b6d90ef-56f42933 {"name":"projects/whatsapp-clone-69424/locations/us-central1/operations/operation-1779947927296-652da6becdb3e-2b6d90ef-56f42933","metadata":{"@type":"type.googleapis.com/google.cloud.functions.v2.OperationMetadata","createTime":"2026-05-28T05:58:48.445412488Z","target":"projects/whatsapp-clone-69424/locations/us-central1/functions/helloWorld","verb":"create","cancelRequested":false,"apiVersion":"v2","requestResource":{"@type":"type.googleapis.com/google.cloud.functions.v2.Function","name":"projects/whatsapp-clone-69424/locations/us-central1/functions/helloWorld","buildConfig":{"runtime":"nodejs24","entryPoint":"helloWorld","source":{"storageSource":{"bucket":"gcf-v2-sources-112776440085-us-central1","object":"helloWorld/function-source.zip","generation":"1779947928138164"}},"environmentVariables":{"GOOGLE_NODE_RUN_SCRIPTS":""},"serviceAccount":"projects/whatsapp-clone-69424/serviceAccounts/112776440085-compute@developer.gserviceaccount.com","automaticUpdatePolicy":{}},"serviceConfig":{"service":"projects/whatsapp-clone-69424/locations/us-central1/services/helloworld","timeoutSeconds":60,"environmentVariables":{"FIREBASE_CONFIG":"{\"projectId\":\"whatsapp-clone-69424\",\"databaseURL\":\"https://whatsapp-clone-69424-default-rtdb.firebaseio.com\",\"storageBucket\":\"whatsapp-clone-69424.firebasestorage.app\"}","GCLOUD_PROJECT":"whatsapp-clone-69424","EVENTARC_CLOUD_EVENT_SOURCE":"projects/whatsapp-clone-69424/locations/us-central1/services/helloWorld","FUNCTION_TARGET":"helloWorld","LOG_EXECUTION_ID":"true"},"ingressSettings":"ALLOW_ALL","serviceAccountEmail":"112776440085-compute@developer.gserviceaccount.com","availableMemory":"256Mi","maxInstanceRequestConcurrency":80,"availableCpu":"1"},"labels":{"deployment-tool":"cli-firebase","firebase-functions-hash":"86cd4cd5b76b6316fe855213bf3fcc247cfe6b07"},"environment":"GEN_2"},"stages":[{"name":"BUILD","message":"Build in progress","state":"IN_PROGRESS","resource":"projects/112776440085/locations/us-central1/builds/ea938182-b69f-48a5-af7f-97eef0a3d145","resourceUri":"https://console.cloud.google.com/cloud-build/builds;region=us-central1/ea938182-b69f-48a5-af7f-97eef0a3d145?project=112776440085"},{"name":"SERVICE","state":"NOT_STARTED"}],"operationType":"CREATE_FUNCTION","buildName":"projects/112776440085/locations/us-central1/builds/ea938182-b69f-48a5-af7f-97eef0a3d145"},"done":false}
[debug] [2026-05-28T05:59:19.438Z] [create-default-us-central1-helloWorld] Retrying task index 0
[debug] [2026-05-28T05:59:19.439Z] Checked if tokens are valid: true, expires at: 1779950541941
[debug] [2026-05-28T05:59:19.439Z] Checked if tokens are valid: true, expires at: 1779950541941
[debug] [2026-05-28T05:59:19.439Z] >>> [apiv2][query] GET https://cloudfunctions.googleapis.com/v2/projects/whatsapp-clone-69424/locations/us-central1/operations/operation-1779947927296-652da6becdb3e-2b6d90ef-56f42933 [none]
[debug] [2026-05-28T05:59:20.496Z] <<< [apiv2][status] GET https://cloudfunctions.googleapis.com/v2/projects/whatsapp-clone-69424/locations/us-central1/operations/operation-1779947927296-652da6becdb3e-2b6d90ef-56f42933 200
[debug] [2026-05-28T05:59:20.497Z] <<< [apiv2][body] GET https://cloudfunctions.googleapis.com/v2/projects/whatsapp-clone-69424/locations/us-central1/operations/operation-1779947927296-652da6becdb3e-2b6d90ef-56f42933 {"name":"projects/whatsapp-clone-69424/locations/us-central1/operations/operation-1779947927296-652da6becdb3e-2b6d90ef-56f42933","metadata":{"@type":"type.googleapis.com/google.cloud.functions.v2.OperationMetadata","createTime":"2026-05-28T05:58:48.445412488Z","target":"projects/whatsapp-clone-69424/locations/us-central1/functions/helloWorld","verb":"create","cancelRequested":false,"apiVersion":"v2","requestResource":{"@type":"type.googleapis.com/google.cloud.functions.v2.Function","name":"projects/whatsapp-clone-69424/locations/us-central1/functions/helloWorld","buildConfig":{"runtime":"nodejs24","entryPoint":"helloWorld","source":{"storageSource":{"bucket":"gcf-v2-sources-112776440085-us-central1","object":"helloWorld/function-source.zip","generation":"1779947928138164"}},"environmentVariables":{"GOOGLE_NODE_RUN_SCRIPTS":""},"serviceAccount":"projects/whatsapp-clone-69424/serviceAccounts/112776440085-compute@developer.gserviceaccount.com","automaticUpdatePolicy":{}},"serviceConfig":{"service":"projects/whatsapp-clone-69424/locations/us-central1/services/helloworld","timeoutSeconds":60,"environmentVariables":{"FIREBASE_CONFIG":"{\"projectId\":\"whatsapp-clone-69424\",\"databaseURL\":\"https://whatsapp-clone-69424-default-rtdb.firebaseio.com\",\"storageBucket\":\"whatsapp-clone-69424.firebasestorage.app\"}","GCLOUD_PROJECT":"whatsapp-clone-69424","EVENTARC_CLOUD_EVENT_SOURCE":"projects/whatsapp-clone-69424/locations/us-central1/services/helloWorld","FUNCTION_TARGET":"helloWorld","LOG_EXECUTION_ID":"true"},"ingressSettings":"ALLOW_ALL","serviceAccountEmail":"112776440085-compute@developer.gserviceaccount.com","availableMemory":"256Mi","maxInstanceRequestConcurrency":80,"availableCpu":"1"},"labels":{"deployment-tool":"cli-firebase","firebase-functions-hash":"86cd4cd5b76b6316fe855213bf3fcc247cfe6b07"},"environment":"GEN_2"},"stages":[{"name":"BUILD","message":"Build in progress","state":"IN_PROGRESS","resource":"projects/112776440085/locations/us-central1/builds/ea938182-b69f-48a5-af7f-97eef0a3d145","resourceUri":"https://console.cloud.google.com/cloud-build/builds;region=us-central1/ea938182-b69f-48a5-af7f-97eef0a3d145?project=112776440085"},{"name":"SERVICE","state":"NOT_STARTED"}],"operationType":"CREATE_FUNCTION","buildName":"projects/112776440085/locations/us-central1/builds/ea938182-b69f-48a5-af7f-97eef0a3d145"},"done":false}
[debug] [2026-05-28T05:59:30.510Z] [create-default-us-central1-helloWorld] Retrying task index 0
[debug] [2026-05-28T05:59:30.510Z] Checked if tokens are valid: true, expires at: 1779950541941
[debug] [2026-05-28T05:59:30.510Z] Checked if tokens are valid: true, expires at: 1779950541941
[debug] [2026-05-28T05:59:30.510Z] >>> [apiv2][query] GET https://cloudfunctions.googleapis.com/v2/projects/whatsapp-clone-69424/locations/us-central1/operations/operation-1779947927296-652da6becdb3e-2b6d90ef-56f42933 [none]
[debug] [2026-05-28T05:59:31.540Z] <<< [apiv2][status] GET https://cloudfunctions.googleapis.com/v2/projects/whatsapp-clone-69424/locations/us-central1/operations/operation-1779947927296-652da6becdb3e-2b6d90ef-56f42933 200
[debug] [2026-05-28T05:59:31.540Z] <<< [apiv2][body] GET https://cloudfunctions.googleapis.com/v2/projects/whatsapp-clone-69424/locations/us-central1/operations/operation-1779947927296-652da6becdb3e-2b6d90ef-56f42933 {"name":"projects/whatsapp-clone-69424/locations/us-central1/operations/operation-1779947927296-652da6becdb3e-2b6d90ef-56f42933","metadata":{"@type":"type.googleapis.com/google.cloud.functions.v2.OperationMetadata","createTime":"2026-05-28T05:58:48.445412488Z","target":"projects/whatsapp-clone-69424/locations/us-central1/functions/helloWorld","verb":"create","cancelRequested":false,"apiVersion":"v2","requestResource":{"@type":"type.googleapis.com/google.cloud.functions.v2.Function","name":"projects/whatsapp-clone-69424/locations/us-central1/functions/helloWorld","buildConfig":{"runtime":"nodejs24","entryPoint":"helloWorld","source":{"storageSource":{"bucket":"gcf-v2-sources-112776440085-us-central1","object":"helloWorld/function-source.zip","generation":"1779947928138164"}},"environmentVariables":{"GOOGLE_NODE_RUN_SCRIPTS":""},"serviceAccount":"projects/whatsapp-clone-69424/serviceAccounts/112776440085-compute@developer.gserviceaccount.com","automaticUpdatePolicy":{}},"serviceConfig":{"service":"projects/whatsapp-clone-69424/locations/us-central1/services/helloworld","timeoutSeconds":60,"environmentVariables":{"FIREBASE_CONFIG":"{\"projectId\":\"whatsapp-clone-69424\",\"databaseURL\":\"https://whatsapp-clone-69424-default-rtdb.firebaseio.com\",\"storageBucket\":\"whatsapp-clone-69424.firebasestorage.app\"}","GCLOUD_PROJECT":"whatsapp-clone-69424","EVENTARC_CLOUD_EVENT_SOURCE":"projects/whatsapp-clone-69424/locations/us-central1/services/helloWorld","FUNCTION_TARGET":"helloWorld","LOG_EXECUTION_ID":"true"},"ingressSettings":"ALLOW_ALL","serviceAccountEmail":"112776440085-compute@developer.gserviceaccount.com","availableMemory":"256Mi","maxInstanceRequestConcurrency":80,"availableCpu":"1"},"labels":{"deployment-tool":"cli-firebase","firebase-functions-hash":"86cd4cd5b76b6316fe855213bf3fcc247cfe6b07"},"environment":"GEN_2"},"stages":[{"name":"BUILD","message":"Build in progress","state":"IN_PROGRESS","resource":"projects/112776440085/locations/us-central1/builds/ea938182-b69f-48a5-af7f-97eef0a3d145","resourceUri":"https://console.cloud.google.com/cloud-build/builds;region=us-central1/ea938182-b69f-48a5-af7f-97eef0a3d145?project=112776440085"},{"name":"SERVICE","state":"NOT_STARTED"}],"operationType":"CREATE_FUNCTION","buildName":"projects/112776440085/locations/us-central1/builds/ea938182-b69f-48a5-af7f-97eef0a3d145"},"done":false}
[debug] [2026-05-28T05:59:41.546Z] [create-default-us-central1-helloWorld] Retrying task index 0
[debug] [2026-05-28T05:59:41.547Z] Checked if tokens are valid: true, expires at: 1779950541941
[debug] [2026-05-28T05:59:41.547Z] Checked if tokens are valid: true, expires at: 1779950541941
[debug] [2026-05-28T05:59:41.547Z] >>> [apiv2][query] GET https://cloudfunctions.googleapis.com/v2/projects/whatsapp-clone-69424/locations/us-central1/operations/operation-1779947927296-652da6becdb3e-2b6d90ef-56f42933 [none]
[debug] [2026-05-28T05:59:42.603Z] <<< [apiv2][status] GET https://cloudfunctions.googleapis.com/v2/projects/whatsapp-clone-69424/locations/us-central1/operations/operation-1779947927296-652da6becdb3e-2b6d90ef-56f42933 200
[debug] [2026-05-28T05:59:42.604Z] <<< [apiv2][body] GET https://cloudfunctions.googleapis.com/v2/projects/whatsapp-clone-69424/locations/us-central1/operations/operation-1779947927296-652da6becdb3e-2b6d90ef-56f42933 {"name":"projects/whatsapp-clone-69424/locations/us-central1/operations/operation-1779947927296-652da6becdb3e-2b6d90ef-56f42933","metadata":{"@type":"type.googleapis.com/google.cloud.functions.v2.OperationMetadata","createTime":"2026-05-28T05:58:48.445412488Z","endTime":"2026-05-28T05:59:35.589458394Z","target":"projects/whatsapp-clone-69424/locations/us-central1/functions/helloWorld","verb":"create","cancelRequested":false,"apiVersion":"v2","requestResource":{"@type":"type.googleapis.com/google.cloud.functions.v2.Function","name":"projects/whatsapp-clone-69424/locations/us-central1/functions/helloWorld","buildConfig":{"runtime":"nodejs24","entryPoint":"helloWorld","source":{"storageSource":{"bucket":"gcf-v2-sources-112776440085-us-central1","object":"helloWorld/function-source.zip","generation":"1779947928138164"}},"environmentVariables":{"GOOGLE_NODE_RUN_SCRIPTS":""},"serviceAccount":"projects/whatsapp-clone-69424/serviceAccounts/112776440085-compute@developer.gserviceaccount.com","automaticUpdatePolicy":{}},"serviceConfig":{"service":"projects/whatsapp-clone-69424/locations/us-central1/services/helloworld","timeoutSeconds":60,"environmentVariables":{"FIREBASE_CONFIG":"{\"projectId\":\"whatsapp-clone-69424\",\"databaseURL\":\"https://whatsapp-clone-69424-default-rtdb.firebaseio.com\",\"storageBucket\":\"whatsapp-clone-69424.firebasestorage.app\"}","GCLOUD_PROJECT":"whatsapp-clone-69424","EVENTARC_CLOUD_EVENT_SOURCE":"projects/whatsapp-clone-69424/locations/us-central1/services/helloWorld","FUNCTION_TARGET":"helloWorld","LOG_EXECUTION_ID":"true"},"ingressSettings":"ALLOW_ALL","serviceAccountEmail":"112776440085-compute@developer.gserviceaccount.com","availableMemory":"256Mi","maxInstanceRequestConcurrency":80,"availableCpu":"1"},"labels":{"deployment-tool":"cli-firebase","firebase-functions-hash":"86cd4cd5b76b6316fe855213bf3fcc247cfe6b07"},"environment":"GEN_2"},"stages":[{"name":"ARTIFACT_REGISTRY","message":"Deleting function artifacts in Artifact Registry","state":"COMPLETE"},{"name":"SERVICE","message":"Deleting Cloud Run service","state":"COMPLETE","resource":"projects/whatsapp-clone-69424/locations/us-central1/services/helloworld"}],"operationType":"CREATE_FUNCTION"},"done":true,"error":{"code":3,"message":"Build failed with status: FAILURE. Could not build the function due to a missing permission on the build service account. If you didn't revoke that permission explicitly, this could be caused by a change in the organization policies. Please refer to the following documentation for more details and resolution: https://cloud.google.com/functions/docs/troubleshooting#build-service-account\n You can also view the logs at https://console.cloud.google.com/cloud-build/builds;region=us-central1/ea938182-b69f-48a5-af7f-97eef0a3d145?project=112776440085.\n"}}
[debug] [2026-05-28T05:59:42.604Z] Got source token undefined for region us-central1
[error] Build failed with status: FAILURE. Could not build the function due to a missing permission on the build service account. If you didn't revoke that permission explicitly, this could be caused by a change in the organization policies. Please refer to the following documentation for more details and resolution: https://cloud.google.com/functions/docs/troubleshooting#build-service-account
 You can also view the logs at https://console.cloud.google.com/cloud-build/builds;region=us-central1/ea938182-b69f-48a5-af7f-97eef0a3d145?project=112776440085.

[warn] !  functions: Deploys failed. Skipping deletes. 
[debug] [2026-05-28T05:59:42.609Z] Total Function Deployment time: 55940
[debug] [2026-05-28T05:59:42.609Z] 1 Functions Deployed
[debug] [2026-05-28T05:59:42.609Z] 1 Functions Errored
[debug] [2026-05-28T05:59:42.609Z] 0 Function Deployments Aborted
[debug] [2026-05-28T05:59:42.609Z] Average Function Deployment time: 55939
[info] 
[info] Functions deploy had errors with the following functions:
	helloWorld(us-central1)
[debug] [2026-05-28T05:59:42.781Z] Not printing URL for HTTPS function. Typically this means it didn't match a filter or we failed deployment
[debug] [2026-05-28T05:59:42.781Z] Checked if tokens are valid: true, expires at: 1779950541941
[debug] [2026-05-28T05:59:42.781Z] Checked if tokens are valid: true, expires at: 1779950541941
[debug] [2026-05-28T05:59:42.781Z] >>> [apiv2][query] GET https://artifactregistry.googleapis.com/v1/projects/whatsapp-clone-69424/locations/us-central1/repositories/gcf-artifacts [none]
[debug] [2026-05-28T05:59:43.970Z] <<< [apiv2][status] GET https://artifactregistry.googleapis.com/v1/projects/whatsapp-clone-69424/locations/us-central1/repositories/gcf-artifacts 200
[debug] [2026-05-28T05:59:43.970Z] <<< [apiv2][body] GET https://artifactregistry.googleapis.com/v1/projects/whatsapp-clone-69424/locations/us-central1/repositories/gcf-artifacts {"name":"projects/whatsapp-clone-69424/locations/us-central1/repositories/gcf-artifacts","format":"DOCKER","description":"This repository is created and used by Cloud Functions for storing function docker images.","labels":{"goog-managed-by":"cloudfunctions"},"createTime":"2026-05-28T05:58:57.249346Z","updateTime":"2026-05-28T05:58:57.249346Z","mode":"STANDARD_REPOSITORY","vulnerabilityScanningConfig":{"lastEnableTime":"2026-05-28T05:58:48.685776818Z","enablementState":"SCANNING_DISABLED","enablementStateReason":"API containerscanning.googleapis.com is not enabled."},"satisfiesPzi":true,"registryUri":"us-central1-docker.pkg.dev/whatsapp-clone-69424/gcf-artifacts"}
[warn] !  functions: No cleanup policy detected for repositories in us-central1. This may result in a small monthly bill as container images accumulate over time. 
[info] i  functions: Configuring cleanup policy for repository in us-central1. Images older than 1 days will be automatically deleted. 
[debug] [2026-05-28T06:00:00.334Z] Setting up artifact cleanup policy for region us-central1
[debug] [2026-05-28T06:00:00.335Z] Checked if tokens are valid: true, expires at: 1779950541941
[debug] [2026-05-28T06:00:00.335Z] Checked if tokens are valid: true, expires at: 1779950541941
[debug] [2026-05-28T06:00:00.335Z] >>> [apiv2][query] PATCH https://artifactregistry.googleapis.com/v1/projects/whatsapp-clone-69424/locations/us-central1/repositories/gcf-artifacts updateMask=name%2CcleanupPolicies%2CcleanupPolicyDryRun%2Clabels
[debug] [2026-05-28T06:00:00.335Z] >>> [apiv2][body] PATCH https://artifactregistry.googleapis.com/v1/projects/whatsapp-clone-69424/locations/us-central1/repositories/gcf-artifacts {"name":"projects/whatsapp-clone-69424/locations/us-central1/repositories/gcf-artifacts","cleanupPolicies":{"firebase-functions-cleanup":{"id":"firebase-functions-cleanup","condition":{"tagState":"ANY","olderThan":"86400s"},"action":"DELETE"}},"cleanupPolicyDryRun":false,"labels":{"goog-managed-by":"cloudfunctions"}}
[debug] [2026-05-28T06:00:01.456Z] <<< [apiv2][status] PATCH https://artifactregistry.googleapis.com/v1/projects/whatsapp-clone-69424/locations/us-central1/repositories/gcf-artifacts 200
[debug] [2026-05-28T06:00:01.456Z] <<< [apiv2][body] PATCH https://artifactregistry.googleapis.com/v1/projects/whatsapp-clone-69424/locations/us-central1/repositories/gcf-artifacts {"name":"projects/whatsapp-clone-69424/locations/us-central1/repositories/gcf-artifacts","format":"DOCKER","description":"This repository is created and used by Cloud Functions for storing function docker images.","labels":{"goog-managed-by":"cloudfunctions"},"createTime":"2026-05-28T05:58:57.249346Z","updateTime":"2026-05-28T06:00:01.093054Z","mode":"STANDARD_REPOSITORY","cleanupPolicies":{"firebase-functions-cleanup":{"id":"firebase-functions-cleanup","action":"DELETE","condition":{"tagState":"ANY","olderThan":"86400s"}}},"vulnerabilityScanningConfig":{"lastEnableTime":"2026-05-28T05:58:48.685776818Z","enablementState":"SCANNING_DISABLED","enablementStateReason":"API containerscanning.googleapis.com is not enabled."},"satisfiesPzi":true}
[info] i  functions: Configured cleanup policy for repository in us-central1. 
[debug] [2026-05-28T06:00:01.457Z] Functions deploy failed.
[debug] [2026-05-28T06:00:01.457Z] {
  "endpoint": {
    "id": "helloWorld",
    "project": "whatsapp-clone-69424",
    "region": "us-central1",
    "entryPoint": "helloWorld",
    "platform": "gcfv2",
    "runtime": "nodejs24",
    "httpsTrigger": {},
    "labels": {
      "deployment-tool": "cli-firebase"
    },
    "serviceAccount": null,
    "ingressSettings": null,
    "availableMemoryMb": null,
    "timeoutSeconds": null,
    "maxInstances": null,
    "minInstances": null,
    "concurrency": 80,
    "vpc": null,
    "environmentVariables": {
      "FIREBASE_CONFIG": "{\"projectId\":\"whatsapp-clone-69424\",\"databaseURL\":\"https://whatsapp-clone-69424-default-rtdb.firebaseio.com\",\"storageBucket\":\"whatsapp-clone-69424.firebasestorage.app\"}",
      "GCLOUD_PROJECT": "whatsapp-clone-69424",
      "EVENTARC_CLOUD_EVENT_SOURCE": "projects/whatsapp-clone-69424/locations/us-central1/services/helloWorld"
    },
    "codebase": "default",
    "cpu": 1,
    "targetedByOnly": false,
    "hash": "86cd4cd5b76b6316fe855213bf3fcc247cfe6b07"
  },
  "op": "create",
  "original": {
    "name": "FirebaseError",
    "children": [],
    "exit": 1,
    "message": "Build failed with status: FAILURE. Could not build the function due to a missing permission on the build service account. If you didn't revoke that permission explicitly, this could be caused by a change in the organization policies. Please refer to the following documentation for more details and resolution: https://cloud.google.com/functions/docs/troubleshooting#build-service-account\n You can also view the logs at https://console.cloud.google.com/cloud-build/builds;region=us-central1/ea938182-b69f-48a5-af7f-97eef0a3d145?project=112776440085.\n",
    "original": {
      "code": 3,
      "message": "Build failed with status: FAILURE. Could not build the function due to a missing permission on the build service account. If you didn't revoke that permission explicitly, this could be caused by a change in the organization policies. Please refer to the following documentation for more details and resolution: https://cloud.google.com/functions/docs/troubleshooting#build-service-account\n You can also view the logs at https://console.cloud.google.com/cloud-build/builds;region=us-central1/ea938182-b69f-48a5-af7f-97eef0a3d145?project=112776440085.\n"
    },
    "status": 3,
    "code": 3
  }
}
[debug] [2026-05-28T06:00:01.628Z] Error: Failed to create function helloWorld in region us-central1
    at C:\Users\celso\AppData\Local\nvm\v20.19.4\node_modules\firebase-tools\lib\deploy\functions\release\fabricator.js:332:27
    at process.processTicksAndRejections (node:internal/process/task_queues:95:5)
    at async Fabricator.createV2Function (C:\Users\celso\AppData\Local\nvm\v20.19.4\node_modules\firebase-tools\lib\deploy\functions\release\fabricator.js:311:30)
    at async Fabricator.createEndpoint (C:\Users\celso\AppData\Local\nvm\v20.19.4\node_modules\firebase-tools\lib\deploy\functions\release\fabricator.js:153:13)
    at async Fabricator.wrapOperation (C:\Users\celso\AppData\Local\nvm\v20.19.4\node_modules\firebase-tools\lib\deploy\functions\release\fabricator.js:138:13)
    at async Promise.all (index 0)
    at async Promise.allSettled (index 0)
    at async Fabricator.applyPlan (C:\Users\celso\AppData\Local\nvm\v20.19.4\node_modules\firebase-tools\lib\deploy\functions\release\fabricator.js:77:45)
    at async release (C:\Users\celso\AppData\Local\nvm\v20.19.4\node_modules\firebase-tools\lib\deploy\functions\release\index.js:87:21)
    at async chain (C:\Users\celso\AppData\Local\nvm\v20.19.4\node_modules\firebase-tools\lib\deploy\index.js:45:9)
[error] 
[error] Error: There was an error deploying functions
